=============================================================
CharcoalPHP Ver.2.48.0.218: Exception stack trace 
=============================================================

* Exception Stack *
-------------------------------------------------------------
[1]Charcoal_ProcessEventAtTaskManagerException
   T:\charcoal\src\object\task_manager\DefaultTaskManager.class.php(477)
   Event processing failed at task manager.

[2]Charcoal_EventLoopCounterOverflowException
   T:\charcoal\src\object\task_manager\DefaultTaskManager.class.php(196)
   event-loop counter exceeded max:1000

* Call Stack *
-------------------------------------------------------------
[0]Charcoal_CharcoalException->__construct()
   T:\charcoal\src\exception\ProcessEventAtTaskManagerException.class.php(16)

[1]Charcoal_ProcessEventAtTaskManagerException->__construct()
   T:\charcoal\src\object\task_manager\DefaultTaskManager.class.php(477)

[2]Charcoal_DefaultTaskManager->processEvents()
   T:\charcoal\src\object\procedure\SimpleProcedure.class.php(156)

[3]Charcoal_SimpleProcedure->execute()
   T:\charcoal\src\class\bootstrap\Framework.class.php(570)

[4]Charcoal_Framework::_run()
   T:\charcoal\src\class\bootstrap\Framework.class.php(631)

[5]Charcoal_Framework::run()
   T:\charcoal\command\shell.php(33)
2015-05-02 17:25:43 [@:shell] [] [D] [] loaded module: @:shell       @T:\charcoal\src\class\core\ModuleLoader.class.php(86)
2015-05-02 17:25:43 [@:shell] [] [D] [] loaded module: @:charcoal:new:project       @T:\charcoal\src\class\core\ModuleLoader.class.php(86)
2015-05-02 17:25:43 [@:shell] [] [D] [] loaded module: @:charcoal:new:app       @T:\charcoal\src\class\core\ModuleLoader.class.php(86)
2015-05-02 17:25:43 [@:shell] [] [D] [] loaded module: @:new       @T:\charcoal\src\class\core\ModuleLoader.class.php(86)
